{
  "stats": {
    "suites": 1,
    "tests": 5,
    "passes": 5,
    "pending": 0,
    "failures": 0,
    "start": "2021-11-01T12:27:35.518Z",
    "end": "2021-11-01T12:28:06.057Z",
    "duration": 30539,
    "testsRegistered": 5,
    "passPercent": 100,
    "pendingPercent": 0,
    "other": 0,
    "hasOther": false,
    "skipped": 0,
    "hasSkipped": false
  },
  "results": [
    {
      "uuid": "5ece5025-ea90-414f-a8f5-00a8c4b93369",
      "title": "",
      "fullFile": "cypress/tests/articles.spec.js",
      "file": "cypress/tests/articles.spec.js",
      "beforeHooks": [],
      "afterHooks": [],
      "tests": [],
      "suites": [
        {
          "uuid": "9d501a1a-b110-4cd3-98c2-2480ce725f36",
          "title": "Articles",
          "fullFile": "",
          "file": "",
          "beforeHooks": [],
          "afterHooks": [],
          "tests": [
            {
              "title": "should create a new article by UI interaction",
              "fullTitle": "Articles should create a new article by UI interaction",
              "timedOut": null,
              "duration": 7398,
              "state": "passed",
              "speed": "slow",
              "pass": true,
              "fail": false,
              "pending": false,
              "context": null,
              "code": "_articles.default.accessForm();\n_articles.default.fillForm();\n_articles.default.submitForm();\n_articles.default.checkPublication();",
              "err": {},
              "uuid": "e87145c9-72b0-4116-a8c3-fb3a500e48cc",
              "parentUUID": "9d501a1a-b110-4cd3-98c2-2480ce725f36",
              "isHook": false,
              "skipped": false
            },
            {
              "title": "should not create a new article with empty title",
              "fullTitle": "Articles should not create a new article with empty title",
              "timedOut": null,
              "duration": 2179,
              "state": "passed",
              "speed": "slow",
              "pass": true,
              "fail": false,
              "pending": false,
              "context": null,
              "code": "_articles.default.accessForm();\n_articles.default.submitForm();\n_articles.default.checkEmptyTitle();",
              "err": {},
              "uuid": "30bc087f-2679-4b05-a5c1-24c02ecea8ce",
              "parentUUID": "9d501a1a-b110-4cd3-98c2-2480ce725f36",
              "isHook": false,
              "skipped": false
            },
            {
              "title": "should not create a new article with empty description",
              "fullTitle": "Articles should not create a new article with empty description",
              "timedOut": null,
              "duration": 2523,
              "state": "passed",
              "speed": "slow",
              "pass": true,
              "fail": false,
              "pending": false,
              "context": null,
              "code": "_articles.default.accessForm();\n_articles.default.fillTitle();\n_articles.default.submitForm();\n_articles.default.checkEmptyDescription();",
              "err": {},
              "uuid": "fcb7159a-06e1-4fe7-b4ad-63db5539935d",
              "parentUUID": "9d501a1a-b110-4cd3-98c2-2480ce725f36",
              "isHook": false,
              "skipped": false
            },
            {
              "title": "should not create a new article with empty body",
              "fullTitle": "Articles should not create a new article with empty body",
              "timedOut": null,
              "duration": 2591,
              "state": "passed",
              "speed": "slow",
              "pass": true,
              "fail": false,
              "pending": false,
              "context": null,
              "code": "_articles.default.accessForm();\n_articles.default.fillTitle();\n_articles.default.fillDescription();\n_articles.default.submitForm();\n_articles.default.checkEmptyBody();",
              "err": {},
              "uuid": "45b71e0a-7a65-4518-948c-a0cf67a5dad4",
              "parentUUID": "9d501a1a-b110-4cd3-98c2-2480ce725f36",
              "isHook": false,
              "skipped": false
            },
            {
              "title": "should create 15 new articles and check the first article",
              "fullTitle": "Articles should create 15 new articles and check the first article",
              "timedOut": null,
              "duration": 9552,
              "state": "passed",
              "speed": "slow",
              "pass": true,
              "fail": false,
              "pending": false,
              "context": null,
              "code": "cy.createRandomArticle(15);\ncy.visit('/');\ncy.contains('Global Feed').click();\ncy.get('.active > .page-link').should('have.css', 'background-color', 'rgb(92, 184, 92)');\ncy.get('.page-item').should('have.length', 2);\ncy.get('h1[ng-bind$=title]').should('be.visible').should('have.length', 10);\ncy.get(':nth-child(10) > .article-preview > .preview-link').should('exist');\ncy.get(':nth-child(1) > .article-preview > .preview-link').click();\ncy.contains('Edit Article').should('be.visible');\ncy.contains('Delete Article').should('be.visible');\ncy.get('.tag-list').find('li').should('have.length', 2);",
              "err": {},
              "uuid": "b82a40c4-bd08-4361-ad17-21d465467278",
              "parentUUID": "9d501a1a-b110-4cd3-98c2-2480ce725f36",
              "isHook": false,
              "skipped": false
            }
          ],
          "suites": [],
          "passes": [
            "e87145c9-72b0-4116-a8c3-fb3a500e48cc",
            "30bc087f-2679-4b05-a5c1-24c02ecea8ce",
            "fcb7159a-06e1-4fe7-b4ad-63db5539935d",
            "45b71e0a-7a65-4518-948c-a0cf67a5dad4",
            "b82a40c4-bd08-4361-ad17-21d465467278"
          ],
          "failures": [],
          "pending": [],
          "skipped": [],
          "duration": 24243,
          "root": false,
          "rootEmpty": false,
          "_timeout": 2000
        }
      ],
      "passes": [],
      "failures": [],
      "pending": [],
      "skipped": [],
      "duration": 0,
      "root": true,
      "rootEmpty": true,
      "_timeout": 2000
    }
  ],
  "meta": {
    "mocha": {
      "version": "7.0.1"
    },
    "mochawesome": {
      "options": {
        "quiet": true,
        "reportFilename": "mochawesome",
        "saveHtml": false,
        "saveJson": true,
        "consoleReporter": "spec",
        "useInlineDiffs": false,
        "code": true
      },
      "version": "6.3.1"
    },
    "marge": {
      "options": {
        "id": "default",
        "reportDir": "mochawesome-report",
        "quiet": true,
        "overwrite": false,
        "html": false,
        "json": true
      },
      "version": "5.2.0"
    }
  }
}