{
  "stats": {
    "suites": 1,
    "tests": 1,
    "passes": 0,
    "pending": 0,
    "failures": 1,
    "start": "2021-12-01T12:28:23.135Z",
    "end": "2021-12-01T12:28:24.495Z",
    "duration": 1360,
    "testsRegistered": 5,
    "passPercent": 0,
    "pendingPercent": 0,
    "other": 1,
    "hasOther": true,
    "skipped": 4,
    "hasSkipped": true
  },
  "results": [
    {
      "uuid": "0b5ced78-f928-4c6f-b75e-6a971ff9724a",
      "title": "",
      "fullFile": "cypress/tests/articles.spec.js",
      "file": "cypress/tests/articles.spec.js",
      "beforeHooks": [],
      "afterHooks": [],
      "tests": [],
      "suites": [
        {
          "uuid": "a873dd2b-03bd-433e-8c92-0554d9c80403",
          "title": "Articles",
          "fullFile": "",
          "file": "",
          "beforeHooks": [],
          "afterHooks": [],
          "tests": [
            {
              "title": "should create a new article by UI interaction",
              "fullTitle": "Articles should create a new article by UI interaction",
              "timedOut": null,
              "duration": 343,
              "state": "failed",
              "speed": null,
              "pass": false,
              "fail": true,
              "pending": false,
              "context": null,
              "code": "_articles.default.accessForm();\n_articles.default.fillForm();\n_articles.default.submitForm();\n_articles.default.checkPublication();",
              "err": {
                "message": "CypressError: `cy.request()` failed on:\n\nhttps://api.realworld.io/api/articles\n\nThe response we received from your web server was:\n\n  > 500: Internal Server Error\n\nThis was considered a failure because the status code was not `2xx` or `3xx`.\n\nIf you do not want status codes to cause failures pass the option: `failOnStatusCode: false`\n\n-----------------------------------------------------------\n\nThe request we sent was:\n\nMethod: GET\nURL: https://api.realworld.io/api/articles\nHeaders: {\n  \"Connection\": \"keep-alive\",\n  \"Authorization\": \"Token null\",\n  \"user-agent\": \"Mozilla/5.0 (X11; Linux x86_64) AppleWebKit/537.36 (KHTML, like Gecko) Cypress/8.6.0 Chrome/93.0.4577.82 Electron/14.1.0 Safari/537.36\",\n  \"accept\": \"*/*\",\n  \"accept-encoding\": \"gzip, deflate\",\n  \"content-type\": \"application/json\",\n  \"content-length\": 2\n}\nBody: {}\n\n-----------------------------------------------------------\n\nThe response we got was:\n\nStatus: 500 - Internal Server Error\nHeaders: {\n  \"date\": \"Wed, 01 Dec 2021 12:28:24 GMT\",\n  \"content-type\": \"application/json; charset=utf-8\",\n  \"content-length\": \"15\",\n  \"connection\": \"keep-alive\",\n  \"x-powered-by\": \"Express\",\n  \"access-control-allow-origin\": \"*\",\n  \"etag\": \"W/\\\"f-vl15HFN4fmf0jQ/E05a/zKpz910\\\"\",\n  \"via\": \"1.1 vegur\",\n  \"cf-cache-status\": \"DYNAMIC\",\n  \"expect-ct\": \"max-age=604800, report-uri=\\\"https://report-uri.cloudflare.com/cdn-cgi/beacon/expect-ct\\\"\",\n  \"report-to\": \"{\\\"endpoints\\\":[{\\\"url\\\":\\\"https:\\\\/\\\\/a.nel.cloudflare.com\\\\/report\\\\/v3?s=X2nXQh4rFGVD9%2BvAOYoZebhqxwI0bjgtEw5y2FeCRte%2BAff48mYm3cTHqvCf1m%2FGfrzLDJiTie%2Bz78W1ARfJh86BJEuBw6tPbM2wFV1OZ6Zp0%2F%2FpZFK%2FQ69GAiWhMt4t%2BG39\\\"}],\\\"group\\\":\\\"cf-nel\\\",\\\"max_age\\\":604800}\",\n  \"nel\": \"{\\\"success_fraction\\\":0,\\\"report_to\\\":\\\"cf-nel\\\",\\\"max_age\\\":604800}\",\n  \"server\": \"cloudflare\",\n  \"cf-ray\": \"6b6c50a9ef682ca7-ORD\",\n  \"alt-svc\": \"h3=\\\":443\\\"; ma=86400, h3-29=\\\":443\\\"; ma=86400, h3-28=\\\":443\\\"; ma=86400, h3-27=\\\":443\\\"; ma=86400\"\n}\nBody: jwt malformed\n\n\nhttps://on.cypress.io/request\n\nBecause this error occurred during a `after each` hook we are skipping the remaining tests in the current suite: `Articles`",
                "estack": "CypressError: `cy.request()` failed on:\n\nhttps://api.realworld.io/api/articles\n\nThe response we received from your web server was:\n\n  > 500: Internal Server Error\n\nThis was considered a failure because the status code was not `2xx` or `3xx`.\n\nIf you do not want status codes to cause failures pass the option: `failOnStatusCode: false`\n\n-----------------------------------------------------------\n\nThe request we sent was:\n\nMethod: GET\nURL: https://api.realworld.io/api/articles\nHeaders: {\n  \"Connection\": \"keep-alive\",\n  \"Authorization\": \"Token null\",\n  \"user-agent\": \"Mozilla/5.0 (X11; Linux x86_64) AppleWebKit/537.36 (KHTML, like Gecko) Cypress/8.6.0 Chrome/93.0.4577.82 Electron/14.1.0 Safari/537.36\",\n  \"accept\": \"*/*\",\n  \"accept-encoding\": \"gzip, deflate\",\n  \"content-type\": \"application/json\",\n  \"content-length\": 2\n}\nBody: {}\n\n-----------------------------------------------------------\n\nThe response we got was:\n\nStatus: 500 - Internal Server Error\nHeaders: {\n  \"date\": \"Wed, 01 Dec 2021 12:28:24 GMT\",\n  \"content-type\": \"application/json; charset=utf-8\",\n  \"content-length\": \"15\",\n  \"connection\": \"keep-alive\",\n  \"x-powered-by\": \"Express\",\n  \"access-control-allow-origin\": \"*\",\n  \"etag\": \"W/\\\"f-vl15HFN4fmf0jQ/E05a/zKpz910\\\"\",\n  \"via\": \"1.1 vegur\",\n  \"cf-cache-status\": \"DYNAMIC\",\n  \"expect-ct\": \"max-age=604800, report-uri=\\\"https://report-uri.cloudflare.com/cdn-cgi/beacon/expect-ct\\\"\",\n  \"report-to\": \"{\\\"endpoints\\\":[{\\\"url\\\":\\\"https:\\\\/\\\\/a.nel.cloudflare.com\\\\/report\\\\/v3?s=X2nXQh4rFGVD9%2BvAOYoZebhqxwI0bjgtEw5y2FeCRte%2BAff48mYm3cTHqvCf1m%2FGfrzLDJiTie%2Bz78W1ARfJh86BJEuBw6tPbM2wFV1OZ6Zp0%2F%2FpZFK%2FQ69GAiWhMt4t%2BG39\\\"}],\\\"group\\\":\\\"cf-nel\\\",\\\"max_age\\\":604800}\",\n  \"nel\": \"{\\\"success_fraction\\\":0,\\\"report_to\\\":\\\"cf-nel\\\",\\\"max_age\\\":604800}\",\n  \"server\": \"cloudflare\",\n  \"cf-ray\": \"6b6c50a9ef682ca7-ORD\",\n  \"alt-svc\": \"h3=\\\":443\\\"; ma=86400, h3-29=\\\":443\\\"; ma=86400, h3-28=\\\":443\\\"; ma=86400, h3-27=\\\":443\\\"; ma=86400\"\n}\nBody: jwt malformed\n\n\nhttps://on.cypress.io/request\n\nBecause this error occurred during a `after each` hook we are skipping the remaining tests in the current suite: `Articles`\n    at https://demo.realworld.io/__cypress/runner/cypress_runner.js:157302:80\n    at tryCatcher (https://demo.realworld.io/__cypress/runner/cypress_runner.js:13212:23)\n    at Promise._settlePromiseFromHandler (https://demo.realworld.io/__cypress/runner/cypress_runner.js:11147:31)\n    at Promise._settlePromise (https://demo.realworld.io/__cypress/runner/cypress_runner.js:11204:18)\n    at Promise._settlePromise0 (https://demo.realworld.io/__cypress/runner/cypress_runner.js:11249:10)\n    at Promise._settlePromises (https://demo.realworld.io/__cypress/runner/cypress_runner.js:11329:18)\n    at _drainQueueStep (https://demo.realworld.io/__cypress/runner/cypress_runner.js:7919:12)\n    at _drainQueue (https://demo.realworld.io/__cypress/runner/cypress_runner.js:7912:9)\n    at Async.../../node_modules/bluebird/js/release/async.js.Async._drainQueues (https://demo.realworld.io/__cypress/runner/cypress_runner.js:7928:5)\n    at Async.drainQueues (https://demo.realworld.io/__cypress/runner/cypress_runner.js:7798:14)\nFrom Your Spec Code:\n    at api (https://demo.realworld.io/__cypress/tests?p=cypress/support/index.js:2234:10)\n    at Context.eval (https://demo.realworld.io/__cypress/tests?p=cypress/support/index.js:2316:62)",
                "diff": null
              },
              "uuid": "947d0cf8-28f9-414a-8a3f-8c570b857284",
              "parentUUID": "a873dd2b-03bd-433e-8c92-0554d9c80403",
              "isHook": false,
              "skipped": false
            },
            {
              "title": "should not create a new article with empty title",
              "fullTitle": "Articles should not create a new article with empty title",
              "timedOut": null,
              "duration": 0,
              "state": "skipped",
              "speed": null,
              "pass": false,
              "fail": false,
              "pending": false,
              "context": null,
              "code": "_articles.default.accessForm();\n_articles.default.submitForm();\n_articles.default.checkEmptyTitle();",
              "err": {},
              "uuid": "920db944-220d-44f3-936e-de82b056d7f9",
              "parentUUID": "a873dd2b-03bd-433e-8c92-0554d9c80403",
              "isHook": false,
              "skipped": true
            },
            {
              "title": "should not create a new article with empty description",
              "fullTitle": "Articles should not create a new article with empty description",
              "timedOut": null,
              "duration": 0,
              "state": "skipped",
              "speed": null,
              "pass": false,
              "fail": false,
              "pending": false,
              "context": null,
              "code": "_articles.default.accessForm();\n_articles.default.fillTitle();\n_articles.default.submitForm();\n_articles.default.checkEmptyDescription();",
              "err": {},
              "uuid": "32d09afb-d02a-496f-a30c-dcbbd71cf92c",
              "parentUUID": "a873dd2b-03bd-433e-8c92-0554d9c80403",
              "isHook": false,
              "skipped": true
            },
            {
              "title": "should not create a new article with empty body",
              "fullTitle": "Articles should not create a new article with empty body",
              "timedOut": null,
              "duration": 0,
              "state": "skipped",
              "speed": null,
              "pass": false,
              "fail": false,
              "pending": false,
              "context": null,
              "code": "_articles.default.accessForm();\n_articles.default.fillTitle();\n_articles.default.fillDescription();\n_articles.default.submitForm();\n_articles.default.checkEmptyBody();",
              "err": {},
              "uuid": "7a541c08-3fd7-4dda-93bb-ff0d2d01d53c",
              "parentUUID": "a873dd2b-03bd-433e-8c92-0554d9c80403",
              "isHook": false,
              "skipped": true
            },
            {
              "title": "should create 15 new articles and check the first article",
              "fullTitle": "Articles should create 15 new articles and check the first article",
              "timedOut": null,
              "duration": 0,
              "state": "skipped",
              "speed": null,
              "pass": false,
              "fail": false,
              "pending": false,
              "context": null,
              "code": "cy.createRandomArticle(15);\ncy.visit('/');\ncy.contains('Global Feed').click();\ncy.get('.active > .page-link').should('have.css', 'background-color', 'rgb(92, 184, 92)');\ncy.get('.page-item').should('have.length', 2);\ncy.get('h1[ng-bind$=title]').should('be.visible').should('have.length', 10);\ncy.get(':nth-child(10) > .article-preview > .preview-link').should('exist');\ncy.get(':nth-child(1) > .article-preview > .preview-link').click();\ncy.contains('Edit Article').should('be.visible');\ncy.contains('Delete Article').should('be.visible');\ncy.get('.tag-list').find('li').should('have.length', 2);",
              "err": {},
              "uuid": "83e10ca0-2749-4721-8eb3-4b1c92813d93",
              "parentUUID": "a873dd2b-03bd-433e-8c92-0554d9c80403",
              "isHook": false,
              "skipped": true
            }
          ],
          "suites": [],
          "passes": [],
          "failures": [
            "947d0cf8-28f9-414a-8a3f-8c570b857284"
          ],
          "pending": [],
          "skipped": [
            "920db944-220d-44f3-936e-de82b056d7f9",
            "32d09afb-d02a-496f-a30c-dcbbd71cf92c",
            "7a541c08-3fd7-4dda-93bb-ff0d2d01d53c",
            "83e10ca0-2749-4721-8eb3-4b1c92813d93"
          ],
          "duration": 343,
          "root": false,
          "rootEmpty": false,
          "_timeout": 2000
        }
      ],
      "passes": [],
      "failures": [],
      "pending": [],
      "skipped": [],
      "duration": 0,
      "root": true,
      "rootEmpty": true,
      "_timeout": 2000
    }
  ],
  "meta": {
    "mocha": {
      "version": "7.0.1"
    },
    "mochawesome": {
      "options": {
        "quiet": true,
        "reportFilename": "mochawesome",
        "saveHtml": false,
        "saveJson": true,
        "consoleReporter": "spec",
        "useInlineDiffs": false,
        "code": true
      },
      "version": "6.3.1"
    },
    "marge": {
      "options": {
        "id": "default",
        "reportDir": "mochawesome-report",
        "quiet": true,
        "overwrite": false,
        "html": false,
        "json": true
      },
      "version": "5.2.0"
    }
  }
}