{
  "stats": {
    "suites": 1,
    "tests": 3,
    "passes": 3,
    "pending": 0,
    "failures": 0,
    "start": "2022-01-01T12:27:58.739Z",
    "end": "2022-01-01T12:28:04.742Z",
    "duration": 6003,
    "testsRegistered": 3,
    "passPercent": 100,
    "pendingPercent": 0,
    "other": 0,
    "hasOther": false,
    "skipped": 0,
    "hasSkipped": false
  },
  "results": [
    {
      "uuid": "f19696e9-8619-4aea-ae4c-33165aa6e316",
      "title": "",
      "fullFile": "cypress/tests/signin.spec.js",
      "file": "cypress/tests/signin.spec.js",
      "beforeHooks": [],
      "afterHooks": [],
      "tests": [],
      "suites": [
        {
          "uuid": "7cce1561-6d97-452e-8e81-70024adfe4ae",
          "title": "SignIn",
          "fullFile": "",
          "file": "",
          "beforeHooks": [],
          "afterHooks": [],
          "tests": [
            {
              "title": "should not sign in with an empty email",
              "fullTitle": "SignIn should not sign in with an empty email",
              "timedOut": null,
              "duration": 3198,
              "state": "passed",
              "speed": "slow",
              "pass": true,
              "fail": false,
              "pending": false,
              "context": null,
              "code": "cy.intercept({\n  method: 'POST',\n  path: '/api/users/login'\n}, {\n  statusCode: 500,\n  fixture: 'signin-empty-email-error'\n}).as('postLoginUserWithEmptyEmail');\n_signin.default.accessPage();\n_signin.default.submitForm();\ncy.contains('Sign in').should('be.visible');",
              "err": {},
              "uuid": "fbebcdd8-5e5d-4d05-abd6-f44a516edc00",
              "parentUUID": "7cce1561-6d97-452e-8e81-70024adfe4ae",
              "isHook": false,
              "skipped": false
            },
            {
              "title": "should not sign in with an empty password",
              "fullTitle": "SignIn should not sign in with an empty password",
              "timedOut": null,
              "duration": 1240,
              "state": "passed",
              "speed": "slow",
              "pass": true,
              "fail": false,
              "pending": false,
              "context": null,
              "code": "cy.intercept({\n  method: 'POST',\n  path: '/api/users/login'\n}, {\n  statusCode: 500,\n  fixture: 'signin-empty-password-error'\n}).as('postLoginUserWithEmptyPassword');\n_signin.default.accessPage();\n_signin.default.fillEmail();\n_signin.default.submitForm();\ncy.contains('Sign in').should('be.visible');",
              "err": {},
              "uuid": "f8f9f4e4-2463-40a2-8118-14b690ae2ec2",
              "parentUUID": "7cce1561-6d97-452e-8e81-70024adfe4ae",
              "isHook": false,
              "skipped": false
            },
            {
              "title": "should sign in with email and password",
              "fullTitle": "SignIn should sign in with email and password",
              "timedOut": null,
              "duration": 1443,
              "state": "passed",
              "speed": "slow",
              "pass": true,
              "fail": false,
              "pending": false,
              "context": null,
              "code": "cy.intercept({\n  method: 'POST',\n  path: '/api/users/login'\n}, {\n  statusCode: 200,\n  fixture: 'signin-success'\n}).as('postLoginUserWithEmailAndPassword');\n_signin.default.accessPage();\n_signin.default.fillEmail();\n_signin.default.fillPassword();\n_signin.default.submitForm();\n_signin.default.checkLoggedUser();",
              "err": {},
              "uuid": "cf0db634-0f0f-40d4-8754-b8b1bc669cad",
              "parentUUID": "7cce1561-6d97-452e-8e81-70024adfe4ae",
              "isHook": false,
              "skipped": false
            }
          ],
          "suites": [],
          "passes": [
            "fbebcdd8-5e5d-4d05-abd6-f44a516edc00",
            "f8f9f4e4-2463-40a2-8118-14b690ae2ec2",
            "cf0db634-0f0f-40d4-8754-b8b1bc669cad"
          ],
          "failures": [],
          "pending": [],
          "skipped": [],
          "duration": 5881,
          "root": false,
          "rootEmpty": false,
          "_timeout": 2000
        }
      ],
      "passes": [],
      "failures": [],
      "pending": [],
      "skipped": [],
      "duration": 0,
      "root": true,
      "rootEmpty": true,
      "_timeout": 2000
    }
  ],
  "meta": {
    "mocha": {
      "version": "7.0.1"
    },
    "mochawesome": {
      "options": {
        "quiet": true,
        "reportFilename": "mochawesome",
        "saveHtml": false,
        "saveJson": true,
        "consoleReporter": "spec",
        "useInlineDiffs": false,
        "code": true
      },
      "version": "6.3.1"
    },
    "marge": {
      "options": {
        "id": "default",
        "reportDir": "mochawesome-report",
        "quiet": true,
        "overwrite": false,
        "html": false,
        "json": true
      },
      "version": "5.2.0"
    }
  }
}