{
  "stats": {
    "suites": 1,
    "tests": 3,
    "passes": 3,
    "pending": 0,
    "failures": 0,
    "start": "2021-11-01T12:28:17.246Z",
    "end": "2021-11-01T12:28:22.704Z",
    "duration": 5458,
    "testsRegistered": 3,
    "passPercent": 100,
    "pendingPercent": 0,
    "other": 0,
    "hasOther": false,
    "skipped": 0,
    "hasSkipped": false
  },
  "results": [
    {
      "uuid": "a4247a80-1be5-4b52-ada3-482f77907f0e",
      "title": "",
      "fullFile": "cypress/tests/signin.spec.js",
      "file": "cypress/tests/signin.spec.js",
      "beforeHooks": [],
      "afterHooks": [],
      "tests": [],
      "suites": [
        {
          "uuid": "c6e63aab-6c8e-4a6f-a072-ee2051634feb",
          "title": "SignIn",
          "fullFile": "",
          "file": "",
          "beforeHooks": [],
          "afterHooks": [],
          "tests": [
            {
              "title": "should not sign in with an empty email",
              "fullTitle": "SignIn should not sign in with an empty email",
              "timedOut": null,
              "duration": 1953,
              "state": "passed",
              "speed": "slow",
              "pass": true,
              "fail": false,
              "pending": false,
              "context": null,
              "code": "cy.intercept({\n  method: 'POST',\n  path: '/api/users/login'\n}, {\n  statusCode: 500,\n  fixture: 'signin-empty-email-error'\n}).as('postLoginUserWithEmptyEmail');\n_signin.default.accessPage();\n_signin.default.submitForm();\ncy.contains('Sign in').should('be.visible');",
              "err": {},
              "uuid": "a668cf05-8976-4c7b-ad36-ca4f0fe86710",
              "parentUUID": "c6e63aab-6c8e-4a6f-a072-ee2051634feb",
              "isHook": false,
              "skipped": false
            },
            {
              "title": "should not sign in with an empty password",
              "fullTitle": "SignIn should not sign in with an empty password",
              "timedOut": null,
              "duration": 1627,
              "state": "passed",
              "speed": "slow",
              "pass": true,
              "fail": false,
              "pending": false,
              "context": null,
              "code": "cy.intercept({\n  method: 'POST',\n  path: '/api/users/login'\n}, {\n  statusCode: 500,\n  fixture: 'signin-empty-password-error'\n}).as('postLoginUserWithEmptyPassword');\n_signin.default.accessPage();\n_signin.default.fillEmail();\n_signin.default.submitForm();\ncy.contains('Sign in').should('be.visible');",
              "err": {},
              "uuid": "5f755752-7337-40bd-ae68-a14f03d24050",
              "parentUUID": "c6e63aab-6c8e-4a6f-a072-ee2051634feb",
              "isHook": false,
              "skipped": false
            },
            {
              "title": "should sign in with email and password",
              "fullTitle": "SignIn should sign in with email and password",
              "timedOut": null,
              "duration": 1758,
              "state": "passed",
              "speed": "slow",
              "pass": true,
              "fail": false,
              "pending": false,
              "context": null,
              "code": "cy.intercept({\n  method: 'POST',\n  path: '/api/users/login'\n}, {\n  statusCode: 200,\n  fixture: 'signin-success'\n}).as('postLoginUserWithEmailAndPassword');\n_signin.default.accessPage();\n_signin.default.fillEmail();\n_signin.default.fillPassword();\n_signin.default.submitForm();\n_signin.default.checkLoggedUser();",
              "err": {},
              "uuid": "1d507004-584f-4ae8-ac9d-f94de4336c31",
              "parentUUID": "c6e63aab-6c8e-4a6f-a072-ee2051634feb",
              "isHook": false,
              "skipped": false
            }
          ],
          "suites": [],
          "passes": [
            "a668cf05-8976-4c7b-ad36-ca4f0fe86710",
            "5f755752-7337-40bd-ae68-a14f03d24050",
            "1d507004-584f-4ae8-ac9d-f94de4336c31"
          ],
          "failures": [],
          "pending": [],
          "skipped": [],
          "duration": 5338,
          "root": false,
          "rootEmpty": false,
          "_timeout": 2000
        }
      ],
      "passes": [],
      "failures": [],
      "pending": [],
      "skipped": [],
      "duration": 0,
      "root": true,
      "rootEmpty": true,
      "_timeout": 2000
    }
  ],
  "meta": {
    "mocha": {
      "version": "7.0.1"
    },
    "mochawesome": {
      "options": {
        "quiet": true,
        "reportFilename": "mochawesome",
        "saveHtml": false,
        "saveJson": true,
        "consoleReporter": "spec",
        "useInlineDiffs": false,
        "code": true
      },
      "version": "6.3.1"
    },
    "marge": {
      "options": {
        "id": "default",
        "reportDir": "mochawesome-report",
        "quiet": true,
        "overwrite": false,
        "html": false,
        "json": true
      },
      "version": "5.2.0"
    }
  }
}